2023-01-11 19:11:47,664 : ERROR : __main__ : GUI Crash!
Traceback (most recent call last):
  File "D:\SmartHome-main\gui.py", line 475, in <module>
    mainwin = MainWindow()
  File "D:\SmartHome-main\gui.py", line 464, in __init__
    self.plotsDock = PlotDock()
  File "D:\SmartHome-main\gui.py", line 424, in __init__
    for row in rez:
TypeError: 'NoneType' object is not iterable
2023-01-11 19:17:25,847 : ERROR : __main__ : GUI Crash!
Traceback (most recent call last):
  File "D:\SmartHome-main\gui.py", line 475, in <module>
    mainwin = MainWindow()
  File "D:\SmartHome-main\gui.py", line 464, in __init__
    self.plotsDock = PlotDock()
  File "D:\SmartHome-main\gui.py", line 424, in __init__
    for row in rez:
TypeError: 'NoneType' object is not iterable
2023-01-14 17:32:55,789 : ERROR : __main__ : GUI Crash!
Traceback (most recent call last):
  File "D:\SmartHome-main\gui.py", line 475, in <module>
    mainwin = MainWindow()
  File "D:\SmartHome-main\gui.py", line 464, in __init__
    self.plotsDock = PlotDock()
  File "D:\SmartHome-main\gui.py", line 424, in __init__
    for row in rez:
TypeError: 'NoneType' object is not iterable
